<?xml version="1.0" encoding="UTF-8" ?>
<testsuite errors="0" failures="0" hostname="localhost" name="test.service.bpmn.BpmnPoolTest" skipped="0" tests="4" time="1.154" timestamp="2013-06-20T14:35:22">
  <properties>
[...]
</properties>
  <testcase classname="test.service.bpmn.BpmnPoolTest" name="changeXTest" time="0.076" />
  <testcase classname="test.service.bpmn.BpmnPoolTest" name="addMultipleLanesTest" time="0.002" />
  <testcase classname="test.service.bpmn.BpmnPoolTest" name="addMultipleLanesDuplicatesTest" time="0.0" />
  <testcase classname="test.service.bpmn.BpmnPoolTest" name="addLaneTest" time="0.0" />
  <system-out><![CDATA[]]></system-out>
  <system-err><![CDATA[]]></system-err>
</testsuite>
